<?xml version="1.0" encoding="UTF-8"?>
<testsuite xmlns:xsi="http://www.w3.org/2001/XMLSchema-instance" xsi:noNamespaceSchemaLocation="https://maven.apache.org/surefire/maven-surefire-plugin/xsd/surefire-test-report-3.0.xsd" version="3.0" name="tests.OtpTest" time="50.152" tests="1" errors="0" skipped="0" failures="0">
  <properties>
    <property name="gopherProxySet" value="false"/>
    <property name="awt.toolkit" value="sun.lwawt.macosx.LWCToolkit"/>
    <property name="java.specification.version" value="11"/>
    <property name="sun.cpu.isalist" value=""/>
    <property name="sun.jnu.encoding" value="UTF-8"/>
    <property name="java.class.path" value="/Users/qtroom/Test_Project/MY_Android/target/test-classes:/Users/qtroom/Test_Project/MY_Android/target/classes:/Users/qtroom/.m2/repository/io/appium/java-client/8.6.0/java-client-8.6.0.jar:/Users/qtroom/.m2/repository/org/seleniumhq/selenium/selenium-api/4.13.0/selenium-api-4.13.0.jar:/Users/qtroom/.m2/repository/org/seleniumhq/selenium/selenium-support/4.13.0/selenium-support-4.13.0.jar:/Users/qtroom/.m2/repository/com/google/code/gson/gson/2.10.1/gson-2.10.1.jar:/Users/qtroom/.m2/repository/org/apache/commons/commons-lang3/3.13.0/commons-lang3-3.13.0.jar:/Users/qtroom/.m2/repository/commons-io/commons-io/2.14.0/commons-io-2.14.0.jar:/Users/qtroom/.m2/repository/org/slf4j/slf4j-api/2.0.9/slf4j-api-2.0.9.jar:/Users/qtroom/.m2/repository/junit/junit/4.13.2/junit-4.13.2.jar:/Users/qtroom/.m2/repository/org/hamcrest/hamcrest-core/1.3/hamcrest-core-1.3.jar:/Users/qtroom/.m2/repository/ch/qos/logback/logback-classic/1.4.14/logback-classic-1.4.14.jar:/Users/qtroom/.m2/repository/ch/qos/logback/logback-core/1.4.14/logback-core-1.4.14.jar:/Users/qtroom/.m2/repository/com/epam/reportportal/utils-java-formatting/5.1.3/utils-java-formatting-5.1.3.jar:/Users/qtroom/.m2/repository/com/epam/reportportal/client-java/5.1.11/client-java-5.1.11.jar:/Users/qtroom/.m2/repository/io/reactivex/rxjava2/rxjava/2.2.10/rxjava-2.2.10.jar:/Users/qtroom/.m2/repository/com/squareup/retrofit2/retrofit/2.9.0/retrofit-2.9.0.jar:/Users/qtroom/.m2/repository/com/fasterxml/jackson/core/jackson-databind/2.12.6.1/jackson-databind-2.12.6.1.jar:/Users/qtroom/.m2/repository/com/fasterxml/jackson/core/jackson-annotations/2.12.6/jackson-annotations-2.12.6.jar:/Users/qtroom/.m2/repository/com/fasterxml/jackson/core/jackson-core/2.12.6/jackson-core-2.12.6.jar:/Users/qtroom/.m2/repository/org/aspectj/aspectjrt/1.9.2/aspectjrt-1.9.2.jar:/Users/qtroom/.m2/repository/com/squareup/retrofit2/converter-scalars/2.9.0/converter-scalars-2.9.0.jar:/Users/qtroom/.m2/repository/com/squareup/retrofit2/converter-jackson/2.9.0/converter-jackson-2.9.0.jar:/Users/qtroom/.m2/repository/com/squareup/retrofit2/adapter-rxjava2/2.9.0/adapter-rxjava2-2.9.0.jar:/Users/qtroom/.m2/repository/com/squareup/okhttp3/logging-interceptor/3.14.9/logging-interceptor-3.14.9.jar:/Users/qtroom/.m2/repository/org/aspectj/aspectjweaver/1.9.2/aspectjweaver-1.9.2.jar:/Users/qtroom/.m2/repository/com/google/code/findbugs/jsr305/3.0.2/jsr305-3.0.2.jar:/Users/qtroom/.m2/repository/com/epam/reportportal/commons-model/5.0.0/commons-model-5.0.0.jar:/Users/qtroom/.m2/repository/io/swagger/swagger-annotations/1.5.24/swagger-annotations-1.5.24.jar:/Users/qtroom/.m2/repository/javax/validation/validation-api/2.0.1.Final/validation-api-2.0.1.Final.jar:/Users/qtroom/.m2/repository/org/jsoup/jsoup/1.15.3/jsoup-1.15.3.jar:/Users/qtroom/.m2/repository/org/apache/httpcomponents/httpcore/4.4.15/httpcore-4.4.15.jar:/Users/qtroom/.m2/repository/org/testng/testng/7.6.1/testng-7.6.1.jar:/Users/qtroom/.m2/repository/com/beust/jcommander/1.82/jcommander-1.82.jar:/Users/qtroom/.m2/repository/org/webjars/jquery/3.6.0/jquery-3.6.0.jar:/Users/qtroom/.m2/repository/com/epam/reportportal/agent-java-testng/5.1.3/agent-java-testng-5.1.3.jar:/Users/qtroom/.m2/repository/com/epam/reportportal/logger-java-logback/5.1.3/logger-java-logback-5.1.3.jar:/Users/qtroom/.m2/repository/org/seleniumhq/selenium/selenium-remote-driver/4.13.0/selenium-remote-driver-4.13.0.jar:/Users/qtroom/.m2/repository/com/google/auto/service/auto-service-annotations/1.1.1/auto-service-annotations-1.1.1.jar:/Users/qtroom/.m2/repository/com/google/guava/guava/32.1.2-jre/guava-32.1.2-jre.jar:/Users/qtroom/.m2/repository/com/google/guava/failureaccess/1.0.1/failureaccess-1.0.1.jar:/Users/qtroom/.m2/repository/com/google/guava/listenablefuture/9999.0-empty-to-avoid-conflict-with-guava/listenablefuture-9999.0-empty-to-avoid-conflict-with-guava.jar:/Users/qtroom/.m2/repository/org/checkerframework/checker-qual/3.33.0/checker-qual-3.33.0.jar:/Users/qtroom/.m2/repository/com/google/errorprone/error_prone_annotations/2.18.0/error_prone_annotations-2.18.0.jar:/Users/qtroom/.m2/repository/com/google/j2objc/j2objc-annotations/2.8/j2objc-annotations-2.8.jar:/Users/qtroom/.m2/repository/io/netty/netty-buffer/4.1.96.Final/netty-buffer-4.1.96.Final.jar:/Users/qtroom/.m2/repository/io/netty/netty-codec-http/4.1.96.Final/netty-codec-http-4.1.96.Final.jar:/Users/qtroom/.m2/repository/io/netty/netty-codec/4.1.96.Final/netty-codec-4.1.96.Final.jar:/Users/qtroom/.m2/repository/io/netty/netty-handler/4.1.96.Final/netty-handler-4.1.96.Final.jar:/Users/qtroom/.m2/repository/io/netty/netty-common/4.1.96.Final/netty-common-4.1.96.Final.jar:/Users/qtroom/.m2/repository/io/netty/netty-transport-classes-epoll/4.1.96.Final/netty-transport-classes-epoll-4.1.96.Final.jar:/Users/qtroom/.m2/repository/io/netty/netty-transport-classes-kqueue/4.1.96.Final/netty-transport-classes-kqueue-4.1.96.Final.jar:/Users/qtroom/.m2/repository/io/netty/netty-transport-native-epoll/4.1.96.Final/netty-transport-native-epoll-4.1.96.Final.jar:/Users/qtroom/.m2/repository/io/netty/netty-transport-native-kqueue/4.1.96.Final/netty-transport-native-kqueue-4.1.96.Final.jar:/Users/qtroom/.m2/repository/io/netty/netty-transport-native-unix-common/4.1.96.Final/netty-transport-native-unix-common-4.1.96.Final.jar:/Users/qtroom/.m2/repository/io/netty/netty-transport/4.1.96.Final/netty-transport-4.1.96.Final.jar:/Users/qtroom/.m2/repository/io/netty/netty-resolver/4.1.96.Final/netty-resolver-4.1.96.Final.jar:/Users/qtroom/.m2/repository/io/opentelemetry/opentelemetry-api/1.28.0/opentelemetry-api-1.28.0.jar:/Users/qtroom/.m2/repository/io/opentelemetry/opentelemetry-context/1.28.0/opentelemetry-context-1.28.0.jar:/Users/qtroom/.m2/repository/io/opentelemetry/opentelemetry-exporter-logging/1.28.0/opentelemetry-exporter-logging-1.28.0.jar:/Users/qtroom/.m2/repository/io/opentelemetry/opentelemetry-sdk-metrics/1.28.0/opentelemetry-sdk-metrics-1.28.0.jar:/Users/qtroom/.m2/repository/io/opentelemetry/opentelemetry-extension-incubator/1.28.0-alpha/opentelemetry-extension-incubator-1.28.0-alpha.jar:/Users/qtroom/.m2/repository/io/opentelemetry/opentelemetry-sdk-logs/1.28.0/opentelemetry-sdk-logs-1.28.0.jar:/Users/qtroom/.m2/repository/io/opentelemetry/opentelemetry-sdk-common/1.28.0/opentelemetry-sdk-common-1.28.0.jar:/Users/qtroom/.m2/repository/io/opentelemetry/opentelemetry-sdk-extension-autoconfigure-spi/1.28.0/opentelemetry-sdk-extension-autoconfigure-spi-1.28.0.jar:/Users/qtroom/.m2/repository/io/opentelemetry/opentelemetry-sdk-extension-autoconfigure/1.28.0/opentelemetry-sdk-extension-autoconfigure-1.28.0.jar:/Users/qtroom/.m2/repository/io/opentelemetry/opentelemetry-api-events/1.28.0-alpha/opentelemetry-api-events-1.28.0-alpha.jar:/Users/qtroom/.m2/repository/io/opentelemetry/opentelemetry-sdk-trace/1.28.0/opentelemetry-sdk-trace-1.28.0.jar:/Users/qtroom/.m2/repository/io/opentelemetry/opentelemetry-sdk/1.28.0/opentelemetry-sdk-1.28.0.jar:/Users/qtroom/.m2/repository/io/opentelemetry/opentelemetry-semconv/1.28.0-alpha/opentelemetry-semconv-1.28.0-alpha.jar:/Users/qtroom/.m2/repository/net/bytebuddy/byte-buddy/1.14.5/byte-buddy-1.14.5.jar:/Users/qtroom/.m2/repository/org/asynchttpclient/async-http-client/2.12.3/async-http-client-2.12.3.jar:/Users/qtroom/.m2/repository/org/asynchttpclient/async-http-client-netty-utils/2.12.3/async-http-client-netty-utils-2.12.3.jar:/Users/qtroom/.m2/repository/io/netty/netty-codec-socks/4.1.60.Final/netty-codec-socks-4.1.60.Final.jar:/Users/qtroom/.m2/repository/io/netty/netty-handler-proxy/4.1.60.Final/netty-handler-proxy-4.1.60.Final.jar:/Users/qtroom/.m2/repository/io/netty/netty-transport-native-epoll/4.1.60.Final/netty-transport-native-epoll-4.1.60.Final-linux-x86_64.jar:/Users/qtroom/.m2/repository/io/netty/netty-transport-native-kqueue/4.1.60.Final/netty-transport-native-kqueue-4.1.60.Final-osx-x86_64.jar:/Users/qtroom/.m2/repository/org/reactivestreams/reactive-streams/1.0.3/reactive-streams-1.0.3.jar:/Users/qtroom/.m2/repository/com/typesafe/netty/netty-reactive-streams/2.0.4/netty-reactive-streams-2.0.4.jar:/Users/qtroom/.m2/repository/com/sun/activation/jakarta.activation/1.2.2/jakarta.activation-1.2.2.jar:/Users/qtroom/.m2/repository/org/seleniumhq/selenium/selenium-http/4.13.0/selenium-http-4.13.0.jar:/Users/qtroom/.m2/repository/dev/failsafe/failsafe/3.3.2/failsafe-3.3.2.jar:/Users/qtroom/.m2/repository/org/seleniumhq/selenium/selenium-json/4.13.0/selenium-json-4.13.0.jar:/Users/qtroom/.m2/repository/org/seleniumhq/selenium/selenium-manager/4.13.0/selenium-manager-4.13.0.jar:/Users/qtroom/.m2/repository/org/seleniumhq/selenium/selenium-os/4.13.0/selenium-os-4.13.0.jar:/Users/qtroom/.m2/repository/org/apache/commons/commons-exec/1.3/commons-exec-1.3.jar:/Users/qtroom/.m2/repository/com/epam/reportportal/logger-java-log4j/5.1.5/logger-java-log4j-5.1.5.jar:/Users/qtroom/.m2/repository/org/apache/logging/log4j/log4j-core/2.17.2/log4j-core-2.17.2.jar:/Users/qtroom/.m2/repository/org/apache/logging/log4j/log4j-api/2.17.2/log4j-api-2.17.2.jar:/Users/qtroom/.m2/repository/log4j/log4j/1.2.17/log4j-1.2.17.jar:/Users/qtroom/.m2/repository/com/epam/reportportal/logger-java-okhttp3/5.0.1/logger-java-okhttp3-5.0.1.jar:/Users/qtroom/.m2/repository/com/squareup/okhttp3/okhttp/4.10.0/okhttp-4.10.0.jar:/Users/qtroom/.m2/repository/com/squareup/okio/okio-jvm/3.0.0/okio-jvm-3.0.0.jar:/Users/qtroom/.m2/repository/org/jetbrains/kotlin/kotlin-stdlib-jdk8/1.5.31/kotlin-stdlib-jdk8-1.5.31.jar:/Users/qtroom/.m2/repository/org/jetbrains/kotlin/kotlin-stdlib-jdk7/1.5.31/kotlin-stdlib-jdk7-1.5.31.jar:/Users/qtroom/.m2/repository/org/jetbrains/kotlin/kotlin-stdlib-common/1.5.31/kotlin-stdlib-common-1.5.31.jar:/Users/qtroom/.m2/repository/org/jetbrains/kotlin/kotlin-stdlib/1.6.20/kotlin-stdlib-1.6.20.jar:/Users/qtroom/.m2/repository/org/jetbrains/annotations/13.0/annotations-13.0.jar:/Users/qtroom/.m2/repository/org/awaitility/awaitility/4.0.2/awaitility-4.0.2.jar:/Users/qtroom/.m2/repository/org/hamcrest/hamcrest/2.1/hamcrest-2.1.jar:/Users/qtroom/.m2/repository/io/rest-assured/rest-assured/5.3.0/rest-assured-5.3.0.jar:/Users/qtroom/.m2/repository/org/apache/groovy/groovy/4.0.6/groovy-4.0.6.jar:/Users/qtroom/.m2/repository/org/apache/groovy/groovy-xml/4.0.6/groovy-xml-4.0.6.jar:/Users/qtroom/.m2/repository/org/apache/httpcomponents/httpclient/4.5.13/httpclient-4.5.13.jar:/Users/qtroom/.m2/repository/commons-logging/commons-logging/1.2/commons-logging-1.2.jar:/Users/qtroom/.m2/repository/org/apache/httpcomponents/httpmime/4.5.13/httpmime-4.5.13.jar:/Users/qtroom/.m2/repository/org/ccil/cowan/tagsoup/tagsoup/1.2.1/tagsoup-1.2.1.jar:/Users/qtroom/.m2/repository/io/rest-assured/json-path/5.3.0/json-path-5.3.0.jar:/Users/qtroom/.m2/repository/org/apache/groovy/groovy-json/4.0.6/groovy-json-4.0.6.jar:/Users/qtroom/.m2/repository/io/rest-assured/rest-assured-common/5.3.0/rest-assured-common-5.3.0.jar:/Users/qtroom/.m2/repository/io/rest-assured/xml-path/5.3.0/xml-path-5.3.0.jar:/Users/qtroom/.m2/repository/com/epam/reportportal/logger-java-rest-assured/5.2.2/logger-java-rest-assured-5.2.2.jar:/Users/qtroom/.m2/repository/commons-codec/commons-codec/1.15/commons-codec-1.15.jar:/Users/qtroom/.m2/repository/com/epam/reportportal/logger-java-httpcomponents/5.0.0/logger-java-httpcomponents-5.0.0.jar:/Users/qtroom/.m2/repository/org/apache/maven/plugins/maven-compiler-plugin/3.10.1/maven-compiler-plugin-3.10.1.jar:/Users/qtroom/.m2/repository/org/apache/maven/shared/maven-shared-utils/3.3.4/maven-shared-utils-3.3.4.jar:/Users/qtroom/.m2/repository/org/apache/maven/shared/maven-shared-incremental/1.1/maven-shared-incremental-1.1.jar:/Users/qtroom/.m2/repository/org/codehaus/plexus/plexus-component-annotations/1.5.5/plexus-component-annotations-1.5.5.jar:/Users/qtroom/.m2/repository/org/codehaus/plexus/plexus-java/1.1.1/plexus-java-1.1.1.jar:/Users/qtroom/.m2/repository/org/ow2/asm/asm/9.2/asm-9.2.jar:/Users/qtroom/.m2/repository/com/thoughtworks/qdox/qdox/2.0.1/qdox-2.0.1.jar:/Users/qtroom/.m2/repository/org/codehaus/plexus/plexus-compiler-api/2.11.1/plexus-compiler-api-2.11.1.jar:/Users/qtroom/.m2/repository/org/codehaus/plexus/plexus-utils/3.4.1/plexus-utils-3.4.1.jar:/Users/qtroom/.m2/repository/org/codehaus/plexus/plexus-compiler-manager/2.11.1/plexus-compiler-manager-2.11.1.jar:/Users/qtroom/.m2/repository/org/codehaus/plexus/plexus-compiler-javac/2.11.1/plexus-compiler-javac-2.11.1.jar:"/>
    <property name="java.vm.vendor" value="Oracle Corporation"/>
    <property name="sun.arch.data.model" value="64"/>
    <property name="java.vendor.url" value="https://openjdk.java.net/"/>
    <property name="user.timezone" value="Asia/Tehran"/>
    <property name="rp.launch.id" value="a6e45633-d412-48fe-8768-5784d483c8c4"/>
    <property name="java.vm.specification.version" value="11"/>
    <property name="os.name" value="Mac OS X"/>
    <property name="sun.java.launcher" value="SUN_STANDARD"/>
    <property name="user.country" value="IR"/>
    <property name="sun.boot.library.path" value="/Library/Java/JavaVirtualMachines/jdk-11.jdk/Contents/Home/lib"/>
    <property name="sun.java.command" value="/Users/qtroom/Test_Project/MY_Android/target/surefire/surefirebooter-20240203163502615_3.jar /Users/qtroom/Test_Project/MY_Android/target/surefire 2024-02-03T16-35-02_578-jvmRun1 surefire-20240203163502615_1tmp surefire_0-20240203163502615_2tmp"/>
    <property name="http.nonProxyHosts" value="local|*.local|169.254/16|*.169.254/16| 192.168.2/24|*. 192.168.2/24"/>
    <property name="jdk.debug" value="release"/>
    <property name="surefire.test.class.path" value="/Users/qtroom/Test_Project/MY_Android/target/test-classes:/Users/qtroom/Test_Project/MY_Android/target/classes:/Users/qtroom/.m2/repository/io/appium/java-client/8.6.0/java-client-8.6.0.jar:/Users/qtroom/.m2/repository/org/seleniumhq/selenium/selenium-api/4.13.0/selenium-api-4.13.0.jar:/Users/qtroom/.m2/repository/org/seleniumhq/selenium/selenium-support/4.13.0/selenium-support-4.13.0.jar:/Users/qtroom/.m2/repository/com/google/code/gson/gson/2.10.1/gson-2.10.1.jar:/Users/qtroom/.m2/repository/org/apache/commons/commons-lang3/3.13.0/commons-lang3-3.13.0.jar:/Users/qtroom/.m2/repository/commons-io/commons-io/2.14.0/commons-io-2.14.0.jar:/Users/qtroom/.m2/repository/org/slf4j/slf4j-api/2.0.9/slf4j-api-2.0.9.jar:/Users/qtroom/.m2/repository/junit/junit/4.13.2/junit-4.13.2.jar:/Users/qtroom/.m2/repository/org/hamcrest/hamcrest-core/1.3/hamcrest-core-1.3.jar:/Users/qtroom/.m2/repository/ch/qos/logback/logback-classic/1.4.14/logback-classic-1.4.14.jar:/Users/qtroom/.m2/repository/ch/qos/logback/logback-core/1.4.14/logback-core-1.4.14.jar:/Users/qtroom/.m2/repository/com/epam/reportportal/utils-java-formatting/5.1.3/utils-java-formatting-5.1.3.jar:/Users/qtroom/.m2/repository/com/epam/reportportal/client-java/5.1.11/client-java-5.1.11.jar:/Users/qtroom/.m2/repository/io/reactivex/rxjava2/rxjava/2.2.10/rxjava-2.2.10.jar:/Users/qtroom/.m2/repository/com/squareup/retrofit2/retrofit/2.9.0/retrofit-2.9.0.jar:/Users/qtroom/.m2/repository/com/fasterxml/jackson/core/jackson-databind/2.12.6.1/jackson-databind-2.12.6.1.jar:/Users/qtroom/.m2/repository/com/fasterxml/jackson/core/jackson-annotations/2.12.6/jackson-annotations-2.12.6.jar:/Users/qtroom/.m2/repository/com/fasterxml/jackson/core/jackson-core/2.12.6/jackson-core-2.12.6.jar:/Users/qtroom/.m2/repository/org/aspectj/aspectjrt/1.9.2/aspectjrt-1.9.2.jar:/Users/qtroom/.m2/repository/com/squareup/retrofit2/converter-scalars/2.9.0/converter-scalars-2.9.0.jar:/Users/qtroom/.m2/repository/com/squareup/retrofit2/converter-jackson/2.9.0/converter-jackson-2.9.0.jar:/Users/qtroom/.m2/repository/com/squareup/retrofit2/adapter-rxjava2/2.9.0/adapter-rxjava2-2.9.0.jar:/Users/qtroom/.m2/repository/com/squareup/okhttp3/logging-interceptor/3.14.9/logging-interceptor-3.14.9.jar:/Users/qtroom/.m2/repository/org/aspectj/aspectjweaver/1.9.2/aspectjweaver-1.9.2.jar:/Users/qtroom/.m2/repository/com/google/code/findbugs/jsr305/3.0.2/jsr305-3.0.2.jar:/Users/qtroom/.m2/repository/com/epam/reportportal/commons-model/5.0.0/commons-model-5.0.0.jar:/Users/qtroom/.m2/repository/io/swagger/swagger-annotations/1.5.24/swagger-annotations-1.5.24.jar:/Users/qtroom/.m2/repository/javax/validation/validation-api/2.0.1.Final/validation-api-2.0.1.Final.jar:/Users/qtroom/.m2/repository/org/jsoup/jsoup/1.15.3/jsoup-1.15.3.jar:/Users/qtroom/.m2/repository/org/apache/httpcomponents/httpcore/4.4.15/httpcore-4.4.15.jar:/Users/qtroom/.m2/repository/org/testng/testng/7.6.1/testng-7.6.1.jar:/Users/qtroom/.m2/repository/com/beust/jcommander/1.82/jcommander-1.82.jar:/Users/qtroom/.m2/repository/org/webjars/jquery/3.6.0/jquery-3.6.0.jar:/Users/qtroom/.m2/repository/com/epam/reportportal/agent-java-testng/5.1.3/agent-java-testng-5.1.3.jar:/Users/qtroom/.m2/repository/com/epam/reportportal/logger-java-logback/5.1.3/logger-java-logback-5.1.3.jar:/Users/qtroom/.m2/repository/org/seleniumhq/selenium/selenium-remote-driver/4.13.0/selenium-remote-driver-4.13.0.jar:/Users/qtroom/.m2/repository/com/google/auto/service/auto-service-annotations/1.1.1/auto-service-annotations-1.1.1.jar:/Users/qtroom/.m2/repository/com/google/guava/guava/32.1.2-jre/guava-32.1.2-jre.jar:/Users/qtroom/.m2/repository/com/google/guava/failureaccess/1.0.1/failureaccess-1.0.1.jar:/Users/qtroom/.m2/repository/com/google/guava/listenablefuture/9999.0-empty-to-avoid-conflict-with-guava/listenablefuture-9999.0-empty-to-avoid-conflict-with-guava.jar:/Users/qtroom/.m2/repository/org/checkerframework/checker-qual/3.33.0/checker-qual-3.33.0.jar:/Users/qtroom/.m2/repository/com/google/errorprone/error_prone_annotations/2.18.0/error_prone_annotations-2.18.0.jar:/Users/qtroom/.m2/repository/com/google/j2objc/j2objc-annotations/2.8/j2objc-annotations-2.8.jar:/Users/qtroom/.m2/repository/io/netty/netty-buffer/4.1.96.Final/netty-buffer-4.1.96.Final.jar:/Users/qtroom/.m2/repository/io/netty/netty-codec-http/4.1.96.Final/netty-codec-http-4.1.96.Final.jar:/Users/qtroom/.m2/repository/io/netty/netty-codec/4.1.96.Final/netty-codec-4.1.96.Final.jar:/Users/qtroom/.m2/repository/io/netty/netty-handler/4.1.96.Final/netty-handler-4.1.96.Final.jar:/Users/qtroom/.m2/repository/io/netty/netty-common/4.1.96.Final/netty-common-4.1.96.Final.jar:/Users/qtroom/.m2/repository/io/netty/netty-transport-classes-epoll/4.1.96.Final/netty-transport-classes-epoll-4.1.96.Final.jar:/Users/qtroom/.m2/repository/io/netty/netty-transport-classes-kqueue/4.1.96.Final/netty-transport-classes-kqueue-4.1.96.Final.jar:/Users/qtroom/.m2/repository/io/netty/netty-transport-native-epoll/4.1.96.Final/netty-transport-native-epoll-4.1.96.Final.jar:/Users/qtroom/.m2/repository/io/netty/netty-transport-native-kqueue/4.1.96.Final/netty-transport-native-kqueue-4.1.96.Final.jar:/Users/qtroom/.m2/repository/io/netty/netty-transport-native-unix-common/4.1.96.Final/netty-transport-native-unix-common-4.1.96.Final.jar:/Users/qtroom/.m2/repository/io/netty/netty-transport/4.1.96.Final/netty-transport-4.1.96.Final.jar:/Users/qtroom/.m2/repository/io/netty/netty-resolver/4.1.96.Final/netty-resolver-4.1.96.Final.jar:/Users/qtroom/.m2/repository/io/opentelemetry/opentelemetry-api/1.28.0/opentelemetry-api-1.28.0.jar:/Users/qtroom/.m2/repository/io/opentelemetry/opentelemetry-context/1.28.0/opentelemetry-context-1.28.0.jar:/Users/qtroom/.m2/repository/io/opentelemetry/opentelemetry-exporter-logging/1.28.0/opentelemetry-exporter-logging-1.28.0.jar:/Users/qtroom/.m2/repository/io/opentelemetry/opentelemetry-sdk-metrics/1.28.0/opentelemetry-sdk-metrics-1.28.0.jar:/Users/qtroom/.m2/repository/io/opentelemetry/opentelemetry-extension-incubator/1.28.0-alpha/opentelemetry-extension-incubator-1.28.0-alpha.jar:/Users/qtroom/.m2/repository/io/opentelemetry/opentelemetry-sdk-logs/1.28.0/opentelemetry-sdk-logs-1.28.0.jar:/Users/qtroom/.m2/repository/io/opentelemetry/opentelemetry-sdk-common/1.28.0/opentelemetry-sdk-common-1.28.0.jar:/Users/qtroom/.m2/repository/io/opentelemetry/opentelemetry-sdk-extension-autoconfigure-spi/1.28.0/opentelemetry-sdk-extension-autoconfigure-spi-1.28.0.jar:/Users/qtroom/.m2/repository/io/opentelemetry/opentelemetry-sdk-extension-autoconfigure/1.28.0/opentelemetry-sdk-extension-autoconfigure-1.28.0.jar:/Users/qtroom/.m2/repository/io/opentelemetry/opentelemetry-api-events/1.28.0-alpha/opentelemetry-api-events-1.28.0-alpha.jar:/Users/qtroom/.m2/repository/io/opentelemetry/opentelemetry-sdk-trace/1.28.0/opentelemetry-sdk-trace-1.28.0.jar:/Users/qtroom/.m2/repository/io/opentelemetry/opentelemetry-sdk/1.28.0/opentelemetry-sdk-1.28.0.jar:/Users/qtroom/.m2/repository/io/opentelemetry/opentelemetry-semconv/1.28.0-alpha/opentelemetry-semconv-1.28.0-alpha.jar:/Users/qtroom/.m2/repository/net/bytebuddy/byte-buddy/1.14.5/byte-buddy-1.14.5.jar:/Users/qtroom/.m2/repository/org/asynchttpclient/async-http-client/2.12.3/async-http-client-2.12.3.jar:/Users/qtroom/.m2/repository/org/asynchttpclient/async-http-client-netty-utils/2.12.3/async-http-client-netty-utils-2.12.3.jar:/Users/qtroom/.m2/repository/io/netty/netty-codec-socks/4.1.60.Final/netty-codec-socks-4.1.60.Final.jar:/Users/qtroom/.m2/repository/io/netty/netty-handler-proxy/4.1.60.Final/netty-handler-proxy-4.1.60.Final.jar:/Users/qtroom/.m2/repository/io/netty/netty-transport-native-epoll/4.1.60.Final/netty-transport-native-epoll-4.1.60.Final-linux-x86_64.jar:/Users/qtroom/.m2/repository/io/netty/netty-transport-native-kqueue/4.1.60.Final/netty-transport-native-kqueue-4.1.60.Final-osx-x86_64.jar:/Users/qtroom/.m2/repository/org/reactivestreams/reactive-streams/1.0.3/reactive-streams-1.0.3.jar:/Users/qtroom/.m2/repository/com/typesafe/netty/netty-reactive-streams/2.0.4/netty-reactive-streams-2.0.4.jar:/Users/qtroom/.m2/repository/com/sun/activation/jakarta.activation/1.2.2/jakarta.activation-1.2.2.jar:/Users/qtroom/.m2/repository/org/seleniumhq/selenium/selenium-http/4.13.0/selenium-http-4.13.0.jar:/Users/qtroom/.m2/repository/dev/failsafe/failsafe/3.3.2/failsafe-3.3.2.jar:/Users/qtroom/.m2/repository/org/seleniumhq/selenium/selenium-json/4.13.0/selenium-json-4.13.0.jar:/Users/qtroom/.m2/repository/org/seleniumhq/selenium/selenium-manager/4.13.0/selenium-manager-4.13.0.jar:/Users/qtroom/.m2/repository/org/seleniumhq/selenium/selenium-os/4.13.0/selenium-os-4.13.0.jar:/Users/qtroom/.m2/repository/org/apache/commons/commons-exec/1.3/commons-exec-1.3.jar:/Users/qtroom/.m2/repository/com/epam/reportportal/logger-java-log4j/5.1.5/logger-java-log4j-5.1.5.jar:/Users/qtroom/.m2/repository/org/apache/logging/log4j/log4j-core/2.17.2/log4j-core-2.17.2.jar:/Users/qtroom/.m2/repository/org/apache/logging/log4j/log4j-api/2.17.2/log4j-api-2.17.2.jar:/Users/qtroom/.m2/repository/log4j/log4j/1.2.17/log4j-1.2.17.jar:/Users/qtroom/.m2/repository/com/epam/reportportal/logger-java-okhttp3/5.0.1/logger-java-okhttp3-5.0.1.jar:/Users/qtroom/.m2/repository/com/squareup/okhttp3/okhttp/4.10.0/okhttp-4.10.0.jar:/Users/qtroom/.m2/repository/com/squareup/okio/okio-jvm/3.0.0/okio-jvm-3.0.0.jar:/Users/qtroom/.m2/repository/org/jetbrains/kotlin/kotlin-stdlib-jdk8/1.5.31/kotlin-stdlib-jdk8-1.5.31.jar:/Users/qtroom/.m2/repository/org/jetbrains/kotlin/kotlin-stdlib-jdk7/1.5.31/kotlin-stdlib-jdk7-1.5.31.jar:/Users/qtroom/.m2/repository/org/jetbrains/kotlin/kotlin-stdlib-common/1.5.31/kotlin-stdlib-common-1.5.31.jar:/Users/qtroom/.m2/repository/org/jetbrains/kotlin/kotlin-stdlib/1.6.20/kotlin-stdlib-1.6.20.jar:/Users/qtroom/.m2/repository/org/jetbrains/annotations/13.0/annotations-13.0.jar:/Users/qtroom/.m2/repository/org/awaitility/awaitility/4.0.2/awaitility-4.0.2.jar:/Users/qtroom/.m2/repository/org/hamcrest/hamcrest/2.1/hamcrest-2.1.jar:/Users/qtroom/.m2/repository/io/rest-assured/rest-assured/5.3.0/rest-assured-5.3.0.jar:/Users/qtroom/.m2/repository/org/apache/groovy/groovy/4.0.6/groovy-4.0.6.jar:/Users/qtroom/.m2/repository/org/apache/groovy/groovy-xml/4.0.6/groovy-xml-4.0.6.jar:/Users/qtroom/.m2/repository/org/apache/httpcomponents/httpclient/4.5.13/httpclient-4.5.13.jar:/Users/qtroom/.m2/repository/commons-logging/commons-logging/1.2/commons-logging-1.2.jar:/Users/qtroom/.m2/repository/org/apache/httpcomponents/httpmime/4.5.13/httpmime-4.5.13.jar:/Users/qtroom/.m2/repository/org/ccil/cowan/tagsoup/tagsoup/1.2.1/tagsoup-1.2.1.jar:/Users/qtroom/.m2/repository/io/rest-assured/json-path/5.3.0/json-path-5.3.0.jar:/Users/qtroom/.m2/repository/org/apache/groovy/groovy-json/4.0.6/groovy-json-4.0.6.jar:/Users/qtroom/.m2/repository/io/rest-assured/rest-assured-common/5.3.0/rest-assured-common-5.3.0.jar:/Users/qtroom/.m2/repository/io/rest-assured/xml-path/5.3.0/xml-path-5.3.0.jar:/Users/qtroom/.m2/repository/com/epam/reportportal/logger-java-rest-assured/5.2.2/logger-java-rest-assured-5.2.2.jar:/Users/qtroom/.m2/repository/commons-codec/commons-codec/1.15/commons-codec-1.15.jar:/Users/qtroom/.m2/repository/com/epam/reportportal/logger-java-httpcomponents/5.0.0/logger-java-httpcomponents-5.0.0.jar:/Users/qtroom/.m2/repository/org/apache/maven/plugins/maven-compiler-plugin/3.10.1/maven-compiler-plugin-3.10.1.jar:/Users/qtroom/.m2/repository/org/apache/maven/shared/maven-shared-utils/3.3.4/maven-shared-utils-3.3.4.jar:/Users/qtroom/.m2/repository/org/apache/maven/shared/maven-shared-incremental/1.1/maven-shared-incremental-1.1.jar:/Users/qtroom/.m2/repository/org/codehaus/plexus/plexus-component-annotations/1.5.5/plexus-component-annotations-1.5.5.jar:/Users/qtroom/.m2/repository/org/codehaus/plexus/plexus-java/1.1.1/plexus-java-1.1.1.jar:/Users/qtroom/.m2/repository/org/ow2/asm/asm/9.2/asm-9.2.jar:/Users/qtroom/.m2/repository/com/thoughtworks/qdox/qdox/2.0.1/qdox-2.0.1.jar:/Users/qtroom/.m2/repository/org/codehaus/plexus/plexus-compiler-api/2.11.1/plexus-compiler-api-2.11.1.jar:/Users/qtroom/.m2/repository/org/codehaus/plexus/plexus-utils/3.4.1/plexus-utils-3.4.1.jar:/Users/qtroom/.m2/repository/org/codehaus/plexus/plexus-compiler-manager/2.11.1/plexus-compiler-manager-2.11.1.jar:/Users/qtroom/.m2/repository/org/codehaus/plexus/plexus-compiler-javac/2.11.1/plexus-compiler-javac-2.11.1.jar:"/>
    <property name="sun.cpu.endian" value="little"/>
    <property name="user.home" value="/Users/qtroom"/>
    <property name="user.language" value="en"/>
    <property name="java.specification.vendor" value="Oracle Corporation"/>
    <property name="java.version.date" value="2023-01-17"/>
    <property name="java.home" value="/Library/Java/JavaVirtualMachines/jdk-11.jdk/Contents/Home"/>
    <property name="file.separator" value="/"/>
    <property name="basedir" value="/Users/qtroom/Test_Project/MY_Android"/>
    <property name="java.vm.compressedOopsMode" value="Zero based"/>
    <property name="line.separator" value="&#10;"/>
    <property name="java.specification.name" value="Java Platform API Specification"/>
    <property name="java.vm.specification.vendor" value="Oracle Corporation"/>
    <property name="java.awt.graphicsenv" value="sun.awt.CGraphicsEnvironment"/>
    <property name="surefire.real.class.path" value="/Users/qtroom/Test_Project/MY_Android/target/surefire/surefirebooter-20240203163502615_3.jar"/>
    <property name="sun.management.compiler" value="HotSpot 64-Bit Tiered Compilers"/>
    <property name="ftp.nonProxyHosts" value="local|*.local|169.254/16|*.169.254/16| 192.168.2/24|*. 192.168.2/24"/>
    <property name="java.runtime.version" value="11.0.18+9-LTS-195"/>
    <property name="user.name" value="qtroom"/>
    <property name="path.separator" value=":"/>
    <property name="os.version" value="14.0"/>
    <property name="java.runtime.name" value="Java(TM) SE Runtime Environment"/>
    <property name="file.encoding" value="UTF-8"/>
    <property name="java.vm.name" value="Java HotSpot(TM) 64-Bit Server VM"/>
    <property name="java.vendor.version" value="18.9"/>
    <property name="localRepository" value="/Users/qtroom/.m2/repository"/>
    <property name="java.vendor.url.bug" value="https://bugreport.java.com/bugreport/"/>
    <property name="java.io.tmpdir" value="/var/folders/lh/fl92k69j36z32cz2j0_nh9_r0000gn/T/"/>
    <property name="java.version" value="11.0.18"/>
    <property name="user.dir" value="/Users/qtroom/Test_Project/MY_Android"/>
    <property name="os.arch" value="aarch64"/>
    <property name="java.vm.specification.name" value="Java Virtual Machine Specification"/>
    <property name="java.awt.printerjob" value="sun.lwawt.macosx.CPrinterJob"/>
    <property name="sun.os.patch.level" value="unknown"/>
    <property name="java.library.path" value="/Users/qtroom/Library/Java/Extensions:/Library/Java/Extensions:/Network/Library/Java/Extensions:/System/Library/Java/Extensions:/usr/lib/java:."/>
    <property name="java.vendor" value="Oracle Corporation"/>
    <property name="java.vm.info" value="mixed mode"/>
    <property name="java.vm.version" value="11.0.18+9-LTS-195"/>
    <property name="sun.io.unicode.encoding" value="UnicodeBig"/>
    <property name="java.class.version" value="55.0"/>
    <property name="socksNonProxyHosts" value="local|*.local|169.254/16|*.169.254/16| 192.168.2/24|*. 192.168.2/24"/>
  </properties>
  <testcase name="TB7" classname="tests.OtpTest" time="32.579">
    <system-out><![CDATA[16:35:03.341 WARN  c.e.r.t.BaseTestNGListener - main - WARNING! More than one ReportPortal listener is added
WARNING! More than one ReportPortal listener is added
16:35:03.363 INFO  t.BasePage - main - آماده سازی دستگاه
16:35:19.214 INFO  t.BasePage - main - Test Started: TB7
16:35:29.634 INFO  t.OtpTest - main -  صفحه معرفی
{"simType":"CREDIT","appName":"MY_MCI","operator":"MCI","number":"09198340563","token":"ce605000d86a4bb68df981201ebd62ed"}
16:35:39.532 INFO  t.OtpTest - main - لاگین
16:35:47.607 INFO  t.OtpTest - main - صفحه آموزش
16:35:51.656 WARN  t.OtpTest - main - صحت صنجی صفحه اصلی
16:35:51.790 ERROR t.OtpTest - main - Failed to save
16:35:51.790 INFO  t.OtpTest - main - The score home is: 30
]]></system-out>
  </testcase>
</testsuite>