<?xml version="1.0" encoding="UTF-8"?>
<!-- Generated by org.testng.reporters.JUnitReportReporter -->
<testsuite hostname="Qtrooms-Mac-mini.local" failures="0" tests="1" name="tests.OtpTest" time="32.580" errors="0" timestamp="2024-02-03T16:35:52 IRST" skipped="0">
  <testcase classname="tests.OtpTest" name="TB7" time="32.580"/>
  <system-out/>
</testsuite> <!-- tests.OtpTest -->
